<?xml version="1.0" encoding="UTF-8"?>
<!-- Generated by org.testng.reporters.JUnitReportReporter -->
<testsuite hostname="DESKTOP-GV7LQC0" failures="0" tests="1" name="ExtReport2" time="0.590" errors="0" timestamp="2022-04-25T02:55:23 EDT" skipped="0">
  <testcase classname="ExtReport2" name="openBrNavTo" time="0.590"/>
  <system-out/>
</testsuite> <!-- ExtReport2 -->
