<?xml version="1.0" encoding="UTF-8"?>
<!-- Generated by org.testng.reporters.JUnitReportReporter -->
<testsuite hostname="DESKTOP-GV7LQC0" failures="0" tests="1" name="RunBr" time="3.706" errors="0" timestamp="2022-04-25T03:41:24 EDT" skipped="0">
  <testcase classname="RunBr" name="runBr" time="3.706"/>
  <system-out/>
</testsuite> <!-- RunBr -->
